<?xml version="1.0" encoding="UTF-8"?>
<!-- Generated by org.testng.reporters.JUnitXMLReporter -->
<testsuite hostname="DESKTOP-9F4OK2A" ignored="0" name="Default test" tests="6" failures="0" timestamp="06 May 2018 18:14:24 GMT" time="103.832" errors="0">
  <testcase name="invokeBrowser" time="37.504" classname="Sikuli"/>
  <testcase name="invokeBrowser" time="15.793" classname="Amazon"/>
  <testcase name="invokeBrowser" time="14.272" classname="Facebook_Sikuli"/>
  <testcase name="logIn" time="11.827" classname="assignments.assignment9_DataDrivenTesting.MercuryLogIn"/>
  <testcase name="logIn" time="6.659" classname="assignments.assignment9_DataDrivenTesting.MercuryLogIn"/>
  <testcase name="logIn" time="8.909" classname="assignments.assignment9_DataDrivenTesting.MercuryLogIn"/>
</testsuite> <!-- Default test -->
